{
  "0 debug pnpm:scope": {
    "selected": 1
  },
  "1 debug pnpm:package-manifest": {
    "initial": {
      "name": "oyu",
      "version": "0.0.2",
      "description": "An 'add hot water' solution to consuming relational, flat-file data with GraphQL🚰",
      "main": "src/index.ts",
      "publishConfig": {
        "main": "dist/index.js",
        "typings": "dist/index.d.ts"
      },
      "scripts": {
        "build": "tsup",
        "dev": "tsup --watch src"
      },
      "repository": {
        "type": "git",
        "url": "git+https://github.com/tonyketcham/oyu.git",
        "directory": "packages/core"
      },
      "author": "Tony Ketcham <ketcham.dev@gmail.com",
      "license": "MIT",
      "bugs": {
        "url": "https://github.com/tonyketcham/oyu/issues"
      },
      "type": "module",
      "dependencies": {
        "@oyu/core": "workspace/*",
        "@oyu/config": "workspace/*",
        "@oyu/source-filesystem": "workspace/*",
        "@oyu/transformer-markdown": "workspace/*"
      },
      "devDependencies": {
        "@types/node": "^16.11.7",
        "tsup": "^5.6.0",
        "typescript": "^4.4.4"
      }
    },
    "prefix": "/Users/tony/Documents/Code/oyu/packages/oyu"
  },
  "2 debug pnpm:context": {
    "currentLockfileExists": false,
    "storeDir": "/Users/tony/.pnpm-store/v3",
    "virtualStoreDir": "/Users/tony/Documents/Code/oyu/packages/oyu/node_modules/.pnpm"
  },
  "3 debug pnpm:stage": {
    "prefix": "/Users/tony/Documents/Code/oyu/packages/oyu",
    "stage": "resolution_started"
  },
  "4 debug pnpm:_dependency_resolved": {
    "resolution": "registry.npmjs.org/@types/node/16.11.7",
    "wanted": {
      "dependentId": ".",
      "name": "@types/node",
      "rawSpec": "^16.11.7"
    }
  },
  "5 debug pnpm:progress": {
    "packageId": "registry.npmjs.org/@types/node/16.11.7",
    "requester": "/Users/tony/Documents/Code/oyu/packages/oyu",
    "status": "resolved"
  },
  "6 debug pnpm:progress": {
    "packageId": "registry.npmjs.org/@types/node/16.11.7",
    "requester": "/Users/tony/Documents/Code/oyu/packages/oyu",
    "status": "found_in_store"
  },
  "7 debug pnpm:_dependency_resolved": {
    "resolution": "registry.npmjs.org/tsup/5.6.0",
    "wanted": {
      "dependentId": ".",
      "name": "tsup",
      "rawSpec": "^5.6.0"
    }
  },
  "8 debug pnpm:progress": {
    "packageId": "registry.npmjs.org/tsup/5.6.0",
    "requester": "/Users/tony/Documents/Code/oyu/packages/oyu",
    "status": "resolved"
  },
  "9 debug pnpm:progress": {
    "packageId": "registry.npmjs.org/tsup/5.6.0",
    "requester": "/Users/tony/Documents/Code/oyu/packages/oyu",
    "status": "found_in_store"
  },
  "10 debug pnpm:_dependency_resolved": {
    "resolution": "registry.npmjs.org/typescript/4.4.4",
    "wanted": {
      "dependentId": ".",
      "name": "typescript",
      "rawSpec": "^4.4.4"
    }
  },
  "11 debug pnpm:progress": {
    "packageId": "registry.npmjs.org/typescript/4.4.4",
    "requester": "/Users/tony/Documents/Code/oyu/packages/oyu",
    "status": "resolved"
  },
  "12 debug pnpm:progress": {
    "packageId": "registry.npmjs.org/typescript/4.4.4",
    "requester": "/Users/tony/Documents/Code/oyu/packages/oyu",
    "status": "found_in_store"
  },
  "13 error pnpm": {
    "shortMessage": "Command failed with exit code 128: /usr/local/bin/git ls-remote git+ssh://git@github.com/workspace/*.git HEAD",
    "command": "/usr/local/bin/git ls-remote git+ssh://git@github.com/workspace/*.git HEAD",
    "escapedCommand": "\"/usr/local/bin/git\" ls-remote \"git+ssh://git@github.com/workspace/*.git\" HEAD",
    "exitCode": 128,
    "stdout": "",
    "stderr": "git@github.com: Permission denied (publickey).\r\nfatal: Could not read from remote repository.\n\nPlease make sure you have the correct access rights\nand the repository exists.",
    "failed": true,
    "timedOut": false,
    "isCanceled": false,
    "killed": false,
    "pkgsStack": [],
    "err": {
      "name": "pnpm",
      "message": "Command failed with exit code 128: /usr/local/bin/git ls-remote git+ssh://git@github.com/workspace/*.git HEAD\ngit@github.com: Permission denied (publickey).\r\nfatal: Could not read from remote repository.\n\nPlease make sure you have the correct access rights\nand the repository exists.",
      "stack": "pnpm: Command failed with exit code 128: /usr/local/bin/git ls-remote git+ssh://git@github.com/workspace/*.git HEAD\ngit@github.com: Permission denied (publickey).\r\nfatal: Could not read from remote repository.\n\nPlease make sure you have the correct access rights\nand the repository exists.\n    at makeError (/Users/tony/pnpm-global/5/node_modules/.pnpm/pnpm@6.20.3/node_modules/pnpm/dist/pnpm.cjs:49414:17)\n    at handlePromise (/Users/tony/pnpm-global/5/node_modules/.pnpm/pnpm@6.20.3/node_modules/pnpm/dist/pnpm.cjs:49985:33)\n    at processTicksAndRejections (internal/process/task_queues.js:95:5)\n    at async getRepoRefs (/Users/tony/pnpm-global/5/node_modules/.pnpm/pnpm@6.20.3/node_modules/pnpm/dist/pnpm.cjs:84213:22)\n    at async resolveRef (/Users/tony/pnpm-global/5/node_modules/.pnpm/pnpm@6.20.3/node_modules/pnpm/dist/pnpm.cjs:84225:20)\n    at async resolveGit (/Users/tony/pnpm-global/5/node_modules/.pnpm/pnpm@6.20.3/node_modules/pnpm/dist/pnpm.cjs:84176:24)\n    at async Object.resolve (/Users/tony/pnpm-global/5/node_modules/.pnpm/pnpm@6.20.3/node_modules/pnpm/dist/pnpm.cjs:85277:241)\n    at async run (/Users/tony/pnpm-global/5/node_modules/.pnpm/pnpm@6.20.3/node_modules/pnpm/dist/pnpm.cjs:71030:23)"
    }
  }
}